0 info it worked if it ends with ok
1 verbose cli [ '/usr/local/bin/node', '/usr/local/bin/npm', 'install' ]
2 info using npm@1.4.28
3 info using node@v0.10.32
4 verbose readDependencies using package.json deps
5 verbose install where, deps [ '/Users/bocas/Development/GitHub/Q/js/osc-web',
5 verbose install   [ 'node-osc', 'socket.io' ] ]
6 info preinstall osc-web@0.2.1
7 verbose readDependencies using package.json deps
8 verbose cache add [ 'socket.io@0.9.x', null ]
9 verbose cache add name=undefined spec="socket.io@0.9.x" args=["socket.io@0.9.x",null]
10 verbose parsed url { protocol: null,
10 verbose parsed url   slashes: null,
10 verbose parsed url   auth: null,
10 verbose parsed url   host: null,
10 verbose parsed url   port: null,
10 verbose parsed url   hostname: null,
10 verbose parsed url   hash: null,
10 verbose parsed url   search: null,
10 verbose parsed url   query: null,
10 verbose parsed url   pathname: 'socket.io@0.9.x',
10 verbose parsed url   path: 'socket.io@0.9.x',
10 verbose parsed url   href: 'socket.io@0.9.x' }
11 verbose cache add [ 'node-osc@0.2.x', null ]
12 verbose cache add name=undefined spec="node-osc@0.2.x" args=["node-osc@0.2.x",null]
13 verbose parsed url { protocol: null,
13 verbose parsed url   slashes: null,
13 verbose parsed url   auth: null,
13 verbose parsed url   host: null,
13 verbose parsed url   port: null,
13 verbose parsed url   hostname: null,
13 verbose parsed url   hash: null,
13 verbose parsed url   search: null,
13 verbose parsed url   query: null,
13 verbose parsed url   pathname: 'node-osc@0.2.x',
13 verbose parsed url   path: 'node-osc@0.2.x',
13 verbose parsed url   href: 'node-osc@0.2.x' }
14 verbose cache add name="socket.io" spec="0.9.x" args=["socket.io","0.9.x"]
15 verbose parsed url { protocol: null,
15 verbose parsed url   slashes: null,
15 verbose parsed url   auth: null,
15 verbose parsed url   host: null,
15 verbose parsed url   port: null,
15 verbose parsed url   hostname: null,
15 verbose parsed url   hash: null,
15 verbose parsed url   search: null,
15 verbose parsed url   query: null,
15 verbose parsed url   pathname: '0.9.x',
15 verbose parsed url   path: '0.9.x',
15 verbose parsed url   href: '0.9.x' }
16 verbose addNamed [ 'socket.io', '0.9.x' ]
17 verbose addNamed [ null, '>=0.9.0-0 <0.10.0-0' ]
18 verbose cache add name="node-osc" spec="0.2.x" args=["node-osc","0.2.x"]
19 verbose parsed url { protocol: null,
19 verbose parsed url   slashes: null,
19 verbose parsed url   auth: null,
19 verbose parsed url   host: null,
19 verbose parsed url   port: null,
19 verbose parsed url   hostname: null,
19 verbose parsed url   hash: null,
19 verbose parsed url   search: null,
19 verbose parsed url   query: null,
19 verbose parsed url   pathname: '0.2.x',
19 verbose parsed url   path: '0.2.x',
19 verbose parsed url   href: '0.2.x' }
20 verbose addNamed [ 'node-osc', '0.2.x' ]
21 verbose addNamed [ null, '>=0.2.0-0 <0.3.0-0' ]
22 silly lockFile 4eb97b2b-socket-io-0-9-x socket.io@0.9.x
23 verbose lock socket.io@0.9.x /Users/bocas/.npm/4eb97b2b-socket-io-0-9-x.lock
24 silly lockFile 268dd733-node-osc-0-2-x node-osc@0.2.x
25 verbose lock node-osc@0.2.x /Users/bocas/.npm/268dd733-node-osc-0-2-x.lock
26 silly lockFile 4eb97b2b-socket-io-0-9-x socket.io@0.9.x
27 error Error: Attempt to unlock socket.io@0.9.x, which hasn't been locked
27 error     at unlock (/usr/local/lib/node_modules/npm/lib/utils/locker.js:44:11)
27 error     at cb (/usr/local/lib/node_modules/npm/lib/cache/add-named.js:32:5)
27 error     at /usr/local/lib/node_modules/npm/lib/cache/add-named.js:41:20
27 error     at /usr/local/lib/node_modules/npm/lib/utils/locker.js:30:7
27 error     at cb (/usr/local/lib/node_modules/npm/node_modules/lockfile/lockfile.js:149:38)
27 error     at /usr/local/lib/node_modules/npm/node_modules/lockfile/lockfile.js:177:38
27 error     at Object.oncomplete (fs.js:107:15)
28 error If you need help, you may report this *entire* log,
28 error including the npm and node versions, at:
28 error     <http://github.com/npm/npm/issues>
29 error System Darwin 11.4.2
30 error command "/usr/local/bin/node" "/usr/local/bin/npm" "install"
31 error cwd /Users/bocas/Development/GitHub/Q/js/osc-web
32 error node -v v0.10.32
33 error npm -v 1.4.28
34 verbose exit [ 1, true ]
